<?xml version="1.0" encoding="UTF-8"?>
<!-- Generated by org.testng.reporters.JUnitXMLReporter -->
<testsuite hostname="TNINCHD028" name="Verify change Job Status of inducted jobs " tests="1" failures="1" timestamp="3 Aug 2018 11:52:19 GMT" time="93.347" errors="0">
  <testcase name="jobstatusinductedjobs" time="93.296" classname="Test.RunTest">
    <failure type="java.lang.NullPointerException">
      <![CDATA[java.lang.NullPointerException
	at Pages.JobStatus.grid(JobStatus.java:320)
	at Test.RunTest.jobstatusinductedjobs(RunTest.java:200)
... Removed 24 stack frames]]>
    </failure>
  </testcase> <!-- jobstatusinductedjobs -->
</testsuite> <!-- Verify change Job Status of inducted jobs  -->
