<?xml version="1.0" encoding="UTF-8"?>
<!-- Generated by org.testng.reporters.JUnitXMLReporter -->
<testsuite hostname="TNINCHD028" name="Verify Upload New records" tests="3" failures="0" timestamp="30 Jul 2018 06:52:11 GMT" time="16.915" errors="0">
  <testcase name="VerifyUploadRecords" time="6.538" classname="Test.RunTest"/>
  <testcase name="VerifyDataMappingscreen" time="7.041" classname="Test.RunTest"/>
  <testcase name="Verifymappingicon" time="3.308" classname="Test.RunTest"/>
</testsuite> <!-- Verify Upload New records -->
